==32426== Memcheck, a memory error detector
==32426== Copyright (C) 2002-2012, and GNU GPL'd, by Julian Seward et al.
==32426== Using Valgrind-3.8.1 and LibVEX; rerun with -h for copyright info
==32426== Command: ./pa02
==32426== Parent PID: 3333
==32426== 
--32426-- 
--32426-- Valgrind options:
--32426--    --tool=memcheck
--32426--    --leak-check=full
--32426--    --verbose
--32426--    --log-file=memcheck.log
--32426-- Contents of /proc/version:
--32426--   Linux version 2.6.32-431.3.1.el6.x86_64 (mockbuild@x86-003.build.bos.redhat.com) (gcc version 4.4.7 20120313 (Red Hat 4.4.7-4) (GCC) ) #1 SMP Fri Dec 13 06:58:20 EST 2013
--32426-- Arch and hwcaps: AMD64, amd64-sse3-cx16
--32426-- Page sizes: currently 4096, max supported 4096
--32426-- Valgrind library directory: /usr/lib64/valgrind
--32426-- Reading syms from /home/shay/a/khan85/ECE264/solutions/solutions/PA02/pa02
--32426-- Reading syms from /usr/lib64/valgrind/memcheck-amd64-linux
--32426--    object doesn't have a dynamic symbol table
--32426-- Reading syms from /lib64/ld-2.12.so
--32426-- Scheduler: using generic scheduler lock implementation.
--32426-- Reading suppressions file: /usr/lib64/valgrind/default.supp
==32426== embedded gdbserver: reading from /tmp/vgdb-pipe-from-vgdb-to-32426-by-khan85-on-ecegrid-thin1.ecn.purdue.edu
==32426== embedded gdbserver: writing to   /tmp/vgdb-pipe-to-vgdb-from-32426-by-khan85-on-ecegrid-thin1.ecn.purdue.edu
==32426== embedded gdbserver: shared mem   /tmp/vgdb-pipe-shared-mem-vgdb-32426-by-khan85-on-ecegrid-thin1.ecn.purdue.edu
==32426== 
==32426== TO CONTROL THIS PROCESS USING vgdb (which you probably
==32426== don't want to do, unless you know exactly what you're doing,
==32426== or are doing some strange experiment):
==32426==   /usr/lib64/valgrind/../../bin/vgdb --pid=32426 ...command...
==32426== 
==32426== TO DEBUG THIS PROCESS USING GDB: start GDB like this
==32426==   /path/to/gdb ./pa02
==32426== and then give GDB the following command
==32426==   target remote | /usr/lib64/valgrind/../../bin/vgdb --pid=32426
==32426== --pid is optional if only one valgrind process is running
==32426== 
--32426-- REDIR: 0x3393817530 (strlen) redirected to 0x38049551 (vgPlain_amd64_linux_REDIR_FOR_strlen)
--32426-- Reading syms from /usr/lib64/valgrind/vgpreload_core-amd64-linux.so
--32426-- Reading syms from /usr/lib64/valgrind/vgpreload_memcheck-amd64-linux.so
--32426-- REDIR: 0x33938173a0 (index) redirected to 0x4a07bf0 (index)
--32426-- REDIR: 0x3393817420 (strcmp) redirected to 0x4a08530 (strcmp)
--32426-- Reading syms from /lib64/libc-2.12.so
--32426-- REDIR: 0x3394084fb0 (strcasecmp) redirected to 0x480155c (_vgnU_ifunc_wrapper)
--32426-- REDIR: 0x3394087270 (strncasecmp) redirected to 0x480155c (_vgnU_ifunc_wrapper)
--32426-- REDIR: 0x3394082f20 (__GI_strrchr) redirected to 0x4a07a70 (__GI_strrchr)
--32426-- REDIR: 0x3394081440 (__GI_strlen) redirected to 0x4a07f70 (__GI_strlen)
--32426-- REDIR: 0x339408add0 (strchrnul) redirected to 0x4a09f10 (strchrnul)
--32426-- REDIR: 0x339407b800 (free) redirected to 0x4a06369 (free)
==32426== 
==32426== HEAP SUMMARY:
==32426==     in use at exit: 0 bytes in 0 blocks
==32426==   total heap usage: 0 allocs, 0 frees, 0 bytes allocated
==32426== 
==32426== All heap blocks were freed -- no leaks are possible
==32426== 
==32426== ERROR SUMMARY: 0 errors from 0 contexts (suppressed: 6 from 6)
--32426-- 
--32426-- used_suppression:      4 U1004-ARM-_dl_relocate_object
--32426-- used_suppression:      2 glibc-2.5.x-on-SUSE-10.2-(PPC)-2a
==32426== 
==32426== ERROR SUMMARY: 0 errors from 0 contexts (suppressed: 6 from 6)
